Using pre-set license
Built from '2020.3/staging' branch; Version is '2020.3.0f1 (c7b5465681fb) revision 13088070'; Using compiler version '192528614'; Build Type 'Release'
OS: 'Windows 10 Home Single Language; OS build 19042.985; Version 2009; 64bit' Language: 'en' Physical Memory: 16223 MB
BatchMode: 1, IsHumanControllingUs: 0, StartBugReporterOnCrash: 0, Is64bit: 1, IsPro: 0

 COMMAND LINE ARGUMENTS:
E:\Unity Projects\2020.3.0f1\Editor\Unity.exe
-adb2
-batchMode
-noUpm
-name
AssetImportWorker0
-projectPath
E:/Assets/Project/com.unity.multiplayer.samples.coop-0.1.2
-logFile
Logs/AssetImportWorker0.log
-srvPort
61798
Successfully changed project path to: E:/Assets/Project/com.unity.multiplayer.samples.coop-0.1.2
E:/Assets/Project/com.unity.multiplayer.samples.coop-0.1.2
Using Asset Import Pipeline V2.
Refreshing native plugins compatible for Editor in 52.17 ms, found 0 plugins.
Preloading 0 native plugins for Editor in 0.00 ms.
Initialize engine version: 2020.3.0f1 (c7b5465681fb)
[Subsystems] Discovering subsystems at path E:/Unity Projects/2020.3.0f1/Editor/Data/Resources/UnitySubsystems
[Subsystems] Discovering subsystems at path E:/Assets/Project/com.unity.multiplayer.samples.coop-0.1.2/Assets
GfxDevice: creating device client; threaded=0
Direct3D:
    Version:  Direct3D 11.0 [level 11.1]
    Renderer: NVIDIA GeForce RTX 2060 (ID=0x1f11)
    Vendor:   
    VRAM:     5980 MB
    Driver:   27.21.14.6140
Initialize mono
Mono path[0] = 'E:/Unity Projects/2020.3.0f1/Editor/Data/Managed'
Mono path[1] = 'E:/Unity Projects/2020.3.0f1/Editor/Data/MonoBleedingEdge/lib/mono/unityjit'
Mono config path = 'E:/Unity Projects/2020.3.0f1/Editor/Data/MonoBleedingEdge/etc'
Using monoOptions --debugger-agent=transport=dt_socket,embedding=1,server=y,suspend=n,address=127.0.0.1:56448
Begin MonoManager ReloadAssembly
Registering precompiled unity dll's ...
Register platform support module: E:/Unity Projects/2020.3.0f1/Editor/Data/PlaybackEngines/WebGLSupport/UnityEditor.WebGL.Extensions.dll
Register platform support module: E:/Unity Projects/2020.3.0f1/Editor/Data/PlaybackEngines/WindowsStandaloneSupport/UnityEditor.WindowsStandalone.Extensions.dll
Registered in 0.001153 seconds.
Native extension for WindowsStandalone target not found
Native extension for WebGL target not found
Refreshing native plugins compatible for Editor in 38.74 ms, found 0 plugins.
Preloading 0 native plugins for Editor in 0.00 ms.
Invoked RoslynAnalysisRunner static constructor.
RoslynAnalysisRunner will not be running.
RoslynAnalysisRunner has terminated.
Mono: successfully reloaded assembly
- Completed reload, in  1.375 seconds
Platform modules already initialized, skipping
Registering precompiled user dll's ...
Registered in 0.003014 seconds.
Begin MonoManager ReloadAssembly
Native extension for WindowsStandalone target not found
Native extension for WebGL target not found
Refreshing native plugins compatible for Editor in 0.38 ms, found 0 plugins.
Preloading 0 native plugins for Editor in 0.00 ms.
Invoked RoslynAnalysisRunner static constructor.
RoslynAnalysisRunner will not be running.
RoslynAnalysisRunner has terminated.
Mono: successfully reloaded assembly
- Completed reload, in  0.964 seconds
Platform modules already initialized, skipping
========================================================================
Worker process is ready to serve import requests
Launched and connected shader compiler UnityShaderCompiler.exe after 0.04 seconds
Refreshing native plugins compatible for Editor in 0.42 ms, found 0 plugins.
Preloading 0 native plugins for Editor in 0.00 ms.
Unloading 1931 Unused Serialized files (Serialized files now loaded: 0)
System memory in use before: 93.3 MB.
System memory in use after: 93.4 MB.

Unloading 19 unused Assets to reduce memory usage. Loaded Objects now: 2373.
Total: 1.924500 ms (FindLiveObjects: 0.163700 ms CreateObjectMapping: 0.069200 ms MarkObjects: 1.623000 ms  DeleteObjects: 0.067800 ms)

========================================================================
Received Import Request.
  path: Assets/BossRoom/Textures/UI
  artifactKey: Guid(4595114a3f7eebe45b5595033ee32b0f) Importer(815301076,1909f56bfc062723c751e8b465ee728b)
Start importing Assets/BossRoom/Textures/UI using Guid(4595114a3f7eebe45b5595033ee32b0f) Importer(815301076,1909f56bfc062723c751e8b465ee728b)  -> (artifact id: 'f7537e73a40b88f046546115ce1f9b13') in 0.435904 seconds
  Import took 0.478534 seconds .

========================================================================
Received Import Request.
  Time since last request: 4.120463 seconds.
  path: Assets/BossRoom/Textures/UI/br_icon.png
  artifactKey: Guid(5949d615b86cc174e9eb5bcecc2a543e) Importer(815301076,1909f56bfc062723c751e8b465ee728b)
Start importing Assets/BossRoom/Textures/UI/br_icon.png using Guid(5949d615b86cc174e9eb5bcecc2a543e) Importer(815301076,1909f56bfc062723c751e8b465ee728b)  -> (artifact id: '1bd204962ed27c50a6c68c3533d13591') in 0.392195 seconds
  Import took 0.419459 seconds .

========================================================================
Received Import Request.
  Time since last request: 0.000352 seconds.
  path: Assets/BossRoom/Textures/UI/button_JOIN.png
  artifactKey: Guid(714f9fbe91bfe664e9bd0279c4d35939) Importer(815301076,1909f56bfc062723c751e8b465ee728b)
Start importing Assets/BossRoom/Textures/UI/button_JOIN.png using Guid(714f9fbe91bfe664e9bd0279c4d35939) Importer(815301076,1909f56bfc062723c751e8b465ee728b)  -> (artifact id: 'a0a76cad6527dde318d12f656321893d') in 0.234197 seconds
  Import took 0.249405 seconds .

========================================================================
Received Import Request.
  Time since last request: 0.000284 seconds.
  path: Assets/BossRoom/Textures/UI/button_WaitForHost.png
  artifactKey: Guid(61530efa380dec64f9bc2d2abd3262b7) Importer(815301076,1909f56bfc062723c751e8b465ee728b)
Start importing Assets/BossRoom/Textures/UI/button_WaitForHost.png using Guid(61530efa380dec64f9bc2d2abd3262b7) Importer(815301076,1909f56bfc062723c751e8b465ee728b)  -> (artifact id: '4ad7d931a40570ea525ebf66e3586f64') in 0.094490 seconds
  Import took 0.107080 seconds .

========================================================================
Received Import Request.
  Time since last request: 0.000309 seconds.
  path: Assets/BossRoom/Textures/UI/ui_atlas.png
  artifactKey: Guid(1b8d595a2eaea6a41b33c3eb5d3d6a44) Importer(815301076,1909f56bfc062723c751e8b465ee728b)
Start importing Assets/BossRoom/Textures/UI/ui_atlas.png using Guid(1b8d595a2eaea6a41b33c3eb5d3d6a44) Importer(815301076,1909f56bfc062723c751e8b465ee728b)  -> (artifact id: '2c5dc68e18ea177400389c00e0632c3e') in 0.345545 seconds
  Import took 0.364131 seconds .

========================================================================
Received Import Request.
  Time since last request: 0.000296 seconds.
  path: Assets/BossRoom/Textures/UI/inputfield_Blank.png
  artifactKey: Guid(298518cc35452404bbec1592572f23eb) Importer(815301076,1909f56bfc062723c751e8b465ee728b)
Start importing Assets/BossRoom/Textures/UI/inputfield_Blank.png using Guid(298518cc35452404bbec1592572f23eb) Importer(815301076,1909f56bfc062723c751e8b465ee728b)  -> (artifact id: '7898aac98e9238902cea203bb4477b80') in 0.029428 seconds
  Import took 0.044465 seconds .

========================================================================
Received Import Request.
  Time since last request: 0.000303 seconds.
  path: Assets/BossRoom/Textures/UI/ui_sound_settings.png
  artifactKey: Guid(66a470aa734e32040b424353a0f0de39) Importer(815301076,1909f56bfc062723c751e8b465ee728b)
Start importing Assets/BossRoom/Textures/UI/ui_sound_settings.png using Guid(66a470aa734e32040b424353a0f0de39) Importer(815301076,1909f56bfc062723c751e8b465ee728b)  -> (artifact id: '525518b4d6f234bc7782191c06eee9a4') in 0.014261 seconds
  Import took 0.021261 seconds .

========================================================================
Received Import Request.
  Time since last request: 0.000253 seconds.
  path: Assets/BossRoom/Textures/UI/button_Blank.png
  artifactKey: Guid(41948b4cc6087644b983dce55b466d50) Importer(815301076,1909f56bfc062723c751e8b465ee728b)
Start importing Assets/BossRoom/Textures/UI/button_Blank.png using Guid(41948b4cc6087644b983dce55b466d50) Importer(815301076,1909f56bfc062723c751e8b465ee728b)  -> (artifact id: '85e049bebc6aaa3278845d8c7a21c1d0') in 0.014621 seconds
  Import took 0.018356 seconds .

========================================================================
Received Import Request.
  Time since last request: 0.000289 seconds.
  path: Assets/BossRoom/Textures/UI/StormFlag_logo.png
  artifactKey: Guid(8b704eb1afcdb4b469679f41a7f6e07e) Importer(815301076,1909f56bfc062723c751e8b465ee728b)
Start importing Assets/BossRoom/Textures/UI/StormFlag_logo.png using Guid(8b704eb1afcdb4b469679f41a7f6e07e) Importer(815301076,1909f56bfc062723c751e8b465ee728b)  -> (artifact id: 'b143426acb66a809d58454d8b259c61b') in 0.033015 seconds
  Import took 0.036522 seconds .

========================================================================
Received Import Request.
  Time since last request: 0.000262 seconds.
  path: Assets/BossRoom/Textures/UI/text_TRY_AGAIN.png
  artifactKey: Guid(1e741a43c080e0e41808971e7a8217fa) Importer(815301076,1909f56bfc062723c751e8b465ee728b)
Start importing Assets/BossRoom/Textures/UI/text_TRY_AGAIN.png using Guid(1e741a43c080e0e41808971e7a8217fa) Importer(815301076,1909f56bfc062723c751e8b465ee728b)  -> (artifact id: 'ae67084636d1fc652aa53336d174a049') in 0.080949 seconds
  Import took 0.084372 seconds .

========================================================================
Received Import Request.
  Time since last request: 0.000296 seconds.
  path: Assets/BossRoom/Textures/UI/text_YOU_WIN.png
  artifactKey: Guid(8d23a09775bf89847b5a6f97518aad5c) Importer(815301076,1909f56bfc062723c751e8b465ee728b)
Start importing Assets/BossRoom/Textures/UI/text_YOU_WIN.png using Guid(8d23a09775bf89847b5a6f97518aad5c) Importer(815301076,1909f56bfc062723c751e8b465ee728b)  -> (artifact id: '9c4db154665f6fb1b9f52e374746e5cb') in 0.048676 seconds
  Import took 0.052321 seconds .

========================================================================
Received Import Request.
  Time since last request: 0.000301 seconds.
  path: Assets/BossRoom/Textures/UI/Room8_logo.png
  artifactKey: Guid(db4fcca0a37980a43a5f38ff7323ae9f) Importer(815301076,1909f56bfc062723c751e8b465ee728b)
Start importing Assets/BossRoom/Textures/UI/Room8_logo.png using Guid(db4fcca0a37980a43a5f38ff7323ae9f) Importer(815301076,1909f56bfc062723c751e8b465ee728b)  -> (artifact id: 'd91dfbef4f43bcbd4046e7bb4f8881fd') in 0.026623 seconds
  Import took 0.040842 seconds .

========================================================================
Received Import Request.
  Time since last request: 0.000322 seconds.
  path: Assets/BossRoom/Textures/UI/Title.png
  artifactKey: Guid(240734f1e1c8daa4b9bd0593e767fb3f) Importer(815301076,1909f56bfc062723c751e8b465ee728b)
Start importing Assets/BossRoom/Textures/UI/Title.png using Guid(240734f1e1c8daa4b9bd0593e767fb3f) Importer(815301076,1909f56bfc062723c751e8b465ee728b)  -> (artifact id: '942de9b09ceb59da5220bea0c0620f39') in 0.031039 seconds
  Import took 0.034606 seconds .

========================================================================
Received Import Request.
  Time since last request: 0.000289 seconds.
  path: Assets/BossRoom/Textures/UI/button_Menu.png
  artifactKey: Guid(a2805a178d83ea44e84db598f58163c0) Importer(815301076,1909f56bfc062723c751e8b465ee728b)
Start importing Assets/BossRoom/Textures/UI/button_Menu.png using Guid(a2805a178d83ea44e84db598f58163c0) Importer(815301076,1909f56bfc062723c751e8b465ee728b)  -> (artifact id: '2f2b215563275792514e5180389f125f') in 0.046896 seconds
  Import took 0.065832 seconds .

========================================================================
Received Import Request.
  Time since last request: 0.000780 seconds.
  path: Assets/BossRoom/Textures/UI/img_HowToPlay.png
  artifactKey: Guid(44542ead12c0b3342ab3c23c34892079) Importer(815301076,1909f56bfc062723c751e8b465ee728b)
Start importing Assets/BossRoom/Textures/UI/img_HowToPlay.png using Guid(44542ead12c0b3342ab3c23c34892079) Importer(815301076,1909f56bfc062723c751e8b465ee728b)  -> (artifact id: '761b9fe0d2f8f7658e90bc6d3614e88d') in 0.098061 seconds
  Import took 0.106735 seconds .

========================================================================
Received Import Request.
  Time since last request: 0.000229 seconds.
  path: Assets/BossRoom/Textures/UI/ui_bg_gradient.png
  artifactKey: Guid(63a5feb5930bc3f4089f640653896679) Importer(815301076,1909f56bfc062723c751e8b465ee728b)
Start importing Assets/BossRoom/Textures/UI/ui_bg_gradient.png using Guid(63a5feb5930bc3f4089f640653896679) Importer(815301076,1909f56bfc062723c751e8b465ee728b)  -> (artifact id: '44d352849eddc5984282c46f10f62e0b') in 0.030585 seconds
  Import took 0.033412 seconds .

========================================================================
Received Import Request.
  Time since last request: 0.000267 seconds.
  path: Assets/BossRoom/Textures/UI/button_PlayAgain.png
  artifactKey: Guid(68a9f469734882f46b388a9c16427b44) Importer(815301076,1909f56bfc062723c751e8b465ee728b)
Start importing Assets/BossRoom/Textures/UI/button_PlayAgain.png using Guid(68a9f469734882f46b388a9c16427b44) Importer(815301076,1909f56bfc062723c751e8b465ee728b)  -> (artifact id: 'd5ef160f430403a1315b919d76ce2caa') in 0.065233 seconds
  Import took 0.073083 seconds .

========================================================================
Received Import Request.
  Time since last request: 0.000259 seconds.
  path: Assets/BossRoom/Textures/UI/JHayesMnS_logo.png
  artifactKey: Guid(9212dfff105ad2c4b95ace52ae931384) Importer(815301076,1909f56bfc062723c751e8b465ee728b)
Start importing Assets/BossRoom/Textures/UI/JHayesMnS_logo.png using Guid(9212dfff105ad2c4b95ace52ae931384) Importer(815301076,1909f56bfc062723c751e8b465ee728b)  -> (artifact id: '1e4cf352200e3d0741de83513277de97') in 0.026844 seconds
  Import took 0.030387 seconds .

========================================================================
Received Import Request.
  Time since last request: 0.000237 seconds.
  path: Assets/BossRoom/Textures/UI/button_START.png
  artifactKey: Guid(39c27daccd78a6643b6f69ffbf8bda58) Importer(815301076,1909f56bfc062723c751e8b465ee728b)
Start importing Assets/BossRoom/Textures/UI/button_START.png using Guid(39c27daccd78a6643b6f69ffbf8bda58) Importer(815301076,1909f56bfc062723c751e8b465ee728b)  -> (artifact id: 'da0044e04839b06f1e1e998bdad6c5af') in 0.029487 seconds
  Import took 0.038968 seconds .

========================================================================
Received Import Request.
  Time since last request: 0.000229 seconds.
  path: Assets/BossRoom/Textures/UI/ui_dialog.png
  artifactKey: Guid(222f76e9081efb6428be38c0e10f7bde) Importer(815301076,1909f56bfc062723c751e8b465ee728b)
Start importing Assets/BossRoom/Textures/UI/ui_dialog.png using Guid(222f76e9081efb6428be38c0e10f7bde) Importer(815301076,1909f56bfc062723c751e8b465ee728b)  -> (artifact id: '7c117d86dfe5cd799afe33dd564c6746') in 0.036583 seconds
  Import took 0.056916 seconds .

AssetImportWorkerClient::OnTransportError - code=2 error=End of file
